0 verbose cli /data/data/com.termux/files/usr/bin/node /data/data/com.termux/files/usr/bin/npm
1 info using npm@11.4.2
2 info using node@v24.4.1
3 silly config load:file:/data/data/com.termux/files/usr/lib/node_modules/npm/npmrc
4 silly config load:file:/data/data/com.termux/files/home/.npmrc
5 silly config load:file:/data/data/com.termux/files/usr/etc/npmrc
6 verbose title npm install @scure/btc-signer @scure/bip39 @scure/bip32
7 verbose argv "install" "@scure/btc-signer" "@scure/bip39" "@scure/bip32"
8 verbose logfile logs-max:10 dir:/data/data/com.termux/files/home/.npm/_logs/2025-08-01T16_18_18_487Z-
9 verbose logfile /data/data/com.termux/files/home/.npm/_logs/2025-08-01T16_18_18_487Z-debug-0.log
10 silly logfile start cleaning logs, removing 1 files
11 silly packumentCache heap:1174405120 maxSize:293601280 maxEntrySize:146800640
12 silly logfile done cleaning log files
13 silly idealTree buildDeps
14 silly fetch manifest @scure/btc-signer@*
15 silly packumentCache full:https://registry.npmjs.org/@scure%2fbtc-signer cache-miss
16 http fetch GET 200 https://registry.npmjs.org/@scure%2fbtc-signer 2241ms (cache miss)
17 silly packumentCache full:https://registry.npmjs.org/@scure%2fbtc-signer set size:undefined disposed:false
18 silly fetch manifest @scure/bip39@*
19 silly packumentCache full:https://registry.npmjs.org/@scure%2fbip39 cache-miss
20 http fetch GET 200 https://registry.npmjs.org/@scure%2fbip39 1811ms (cache miss)
21 silly packumentCache full:https://registry.npmjs.org/@scure%2fbip39 set size:undefined disposed:false
22 silly fetch manifest @scure/bip32@*
23 silly packumentCache full:https://registry.npmjs.org/@scure%2fbip32 cache-miss
24 http fetch GET 200 https://registry.npmjs.org/@scure%2fbip32 1759ms (cache miss)
25 silly packumentCache full:https://registry.npmjs.org/@scure%2fbip32 set size:undefined disposed:false
26 silly placeDep ROOT @scure/bip32@1.7.0 OK for:  want: *
27 silly placeDep ROOT @scure/bip39@1.6.0 OK for:  want: *
28 silly placeDep ROOT @scure/btc-signer@1.8.1 OK for:  want: *
29 silly fetch manifest @noble/curves@~1.9.0
30 silly packumentCache full:https://registry.npmjs.org/@noble%2fcurves cache-miss
31 silly fetch manifest @noble/hashes@~1.8.0
32 silly packumentCache full:https://registry.npmjs.org/@noble%2fhashes cache-miss
33 silly fetch manifest @scure/base@~1.2.5
34 silly packumentCache full:https://registry.npmjs.org/@scure%2fbase cache-miss
35 silly fetch manifest @noble/hashes@~1.8.0
36 silly packumentCache full:https://registry.npmjs.org/@noble%2fhashes cache-miss
37 silly fetch manifest @scure/base@~1.2.5
38 silly packumentCache full:https://registry.npmjs.org/@scure%2fbase cache-miss
39 silly fetch manifest @noble/curves@~1.9.0
40 silly packumentCache full:https://registry.npmjs.org/@noble%2fcurves cache-miss
41 silly fetch manifest @noble/hashes@~1.8.0
42 silly packumentCache full:https://registry.npmjs.org/@noble%2fhashes cache-miss
43 http fetch GET 200 https://registry.npmjs.org/@scure%2fbase 317ms (cache miss)
44 silly packumentCache full:https://registry.npmjs.org/@scure%2fbase set size:undefined disposed:false
45 silly fetch manifest micro-packed@~0.7.3
46 silly packumentCache full:https://registry.npmjs.org/micro-packed cache-miss
47 http fetch GET 200 https://registry.npmjs.org/@noble%2fhashes 496ms (cache revalidated)
48 silly packumentCache full:https://registry.npmjs.org/@noble%2fhashes set size:177342 disposed:false
49 http fetch GET 200 https://registry.npmjs.org/@noble%2fhashes 517ms (cache revalidated)
50 silly packumentCache full:https://registry.npmjs.org/@noble%2fhashes set size:177342 disposed:false
51 silly packumentCache full:https://registry.npmjs.org/@noble%2fhashes dispose
52 http fetch GET 200 https://registry.npmjs.org/@scure%2fbase 527ms (cache miss)
53 silly packumentCache full:https://registry.npmjs.org/@scure%2fbase set size:undefined disposed:false
54 http fetch GET 200 https://registry.npmjs.org/@noble%2fhashes 640ms (cache revalidated)
55 silly packumentCache full:https://registry.npmjs.org/@noble%2fhashes set size:177342 disposed:true
56 silly packumentCache full:https://registry.npmjs.org/@noble%2fhashes dispose
57 http fetch GET 200 https://registry.npmjs.org/micro-packed 803ms (cache miss)
58 silly packumentCache full:https://registry.npmjs.org/micro-packed set size:undefined disposed:false
59 http fetch GET 200 https://registry.npmjs.org/@noble%2fcurves 1823ms (cache revalidated)
60 silly packumentCache full:https://registry.npmjs.org/@noble%2fcurves set size:243499 disposed:false
61 http fetch GET 200 https://registry.npmjs.org/@noble%2fcurves 1830ms (cache revalidated)
62 silly packumentCache full:https://registry.npmjs.org/@noble%2fcurves set size:243499 disposed:false
63 silly packumentCache full:https://registry.npmjs.org/@noble%2fcurves dispose
64 silly placeDep ROOT @noble/curves@1.9.6 OK for: @scure/bip32@1.7.0 want: ~1.9.0
65 silly placeDep ROOT @noble/hashes@1.8.0 OK for: @scure/bip32@1.7.0 want: ~1.8.0
66 silly placeDep ROOT @scure/base@1.2.6 OK for: @scure/bip32@1.7.0 want: ~1.2.5
67 silly fetch manifest @noble/hashes@1.8.0
68 silly packumentCache full:https://registry.npmjs.org/@noble%2fhashes cache-hit
69 silly placeDep ROOT micro-packed@0.7.3 OK for: @scure/btc-signer@1.8.1 want: ~0.7.3
70 silly reify moves {}
71 http cache micro-packed@https://registry.npmjs.org/micro-packed/-/micro-packed-0.7.3.tgz 0ms (cache hit)
72 http cache @scure/base@https://registry.npmjs.org/@scure/base/-/base-1.2.6.tgz 0ms (cache hit)
73 http cache @noble/hashes@https://registry.npmjs.org/@noble/hashes/-/hashes-1.8.0.tgz 1ms (cache hit)
74 http cache @noble/curves@https://registry.npmjs.org/@noble/curves/-/curves-1.9.6.tgz 0ms (cache hit)
75 http cache @scure/btc-signer@https://registry.npmjs.org/@scure/btc-signer/-/btc-signer-1.8.1.tgz 0ms (cache hit)
76 http cache @scure/bip39@https://registry.npmjs.org/@scure/bip39/-/bip39-1.6.0.tgz 0ms (cache hit)
77 http cache @scure/bip32@https://registry.npmjs.org/@scure/bip32/-/bip32-1.7.0.tgz 0ms (cache hit)
78 silly tarball no local data for @scure/base@https://registry.npmjs.org/@scure/base/-/base-1.2.6.tgz. Extracting by manifest.
79 silly tarball no local data for @noble/curves@https://registry.npmjs.org/@noble/curves/-/curves-1.9.6.tgz. Extracting by manifest.
80 silly tarball no local data for @scure/btc-signer@https://registry.npmjs.org/@scure/btc-signer/-/btc-signer-1.8.1.tgz. Extracting by manifest.
81 http fetch GET 200 https://registry.npmjs.org/@scure/base/-/base-1.2.6.tgz 265ms (cache miss)
82 http fetch GET 200 https://registry.npmjs.org/@noble/curves/-/curves-1.9.6.tgz 672ms (cache miss)
83 http fetch GET 200 https://registry.npmjs.org/@scure/btc-signer/-/btc-signer-1.8.1.tgz 980ms (cache miss)
84 silly ADD node_modules/micro-packed
85 silly ADD node_modules/@scure/base
86 silly ADD node_modules/@noble/hashes
87 silly ADD node_modules/@noble/curves
88 silly ADD node_modules/@scure/btc-signer
89 silly ADD node_modules/@scure/bip39
90 silly ADD node_modules/@scure/bip32
91 verbose cwd /data/data/com.termux/files/home
92 verbose os Linux 5.15.149-android13-8-o-g6bd57d3589d6
93 verbose node v24.4.1
94 verbose npm  v11.4.2
95 verbose exit 0
96 info ok
