0 verbose cli /data/data/com.termux/files/usr/bin/node /data/data/com.termux/files/usr/bin/npm
1 info using npm@11.4.2
2 info using node@v24.4.1
3 silly config load:file:/data/data/com.termux/files/usr/lib/node_modules/npm/npmrc
4 silly config load:file:/data/data/com.termux/files/home/.npmrc
5 silly config load:file:/data/data/com.termux/files/usr/etc/npmrc
6 verbose title npm install reown-sdk
7 verbose argv "install" "reown-sdk"
8 verbose logfile logs-max:10 dir:/data/data/com.termux/files/home/.npm/_logs/2025-08-01T13_57_11_604Z-
9 verbose logfile /data/data/com.termux/files/home/.npm/_logs/2025-08-01T13_57_11_604Z-debug-0.log
10 silly logfile start cleaning logs, removing 1 files
11 silly packumentCache heap:1174405120 maxSize:293601280 maxEntrySize:146800640
12 silly logfile done cleaning log files
13 silly idealTree buildDeps
14 silly fetch manifest reown-sdk@*
15 silly packumentCache full:https://registry.npmjs.org/reown-sdk cache-miss
16 http fetch GET 404 https://registry.npmjs.org/reown-sdk 1063ms (cache skip)
17 silly placeDep ROOT reown-sdk@ OK for:  want: *
18 verbose stack HttpErrorGeneral: 404 Not Found - GET https://registry.npmjs.org/reown-sdk - Not found
18 verbose stack     at /data/data/com.termux/files/usr/lib/node_modules/npm/node_modules/npm-registry-fetch/lib/check-response.js:103:15
18 verbose stack     at process.processTicksAndRejections (node:internal/process/task_queues:105:5)
18 verbose stack     at async RegistryFetcher.packument (/data/data/com.termux/files/usr/lib/node_modules/npm/node_modules/pacote/lib/registry.js:90:19)
18 verbose stack     at async RegistryFetcher.manifest (/data/data/com.termux/files/usr/lib/node_modules/npm/node_modules/pacote/lib/registry.js:128:23)
18 verbose stack     at async #fetchManifest (/data/data/com.termux/files/usr/lib/node_modules/npm/node_modules/@npmcli/arborist/lib/arborist/build-ideal-tree.js:1213:20)
18 verbose stack     at async #nodeFromEdge (/data/data/com.termux/files/usr/lib/node_modules/npm/node_modules/@npmcli/arborist/lib/arborist/build-ideal-tree.js:1051:19)
18 verbose stack     at async #buildDepStep (/data/data/com.termux/files/usr/lib/node_modules/npm/node_modules/@npmcli/arborist/lib/arborist/build-ideal-tree.js:915:11)
18 verbose stack     at async Arborist.buildIdealTree (/data/data/com.termux/files/usr/lib/node_modules/npm/node_modules/@npmcli/arborist/lib/arborist/build-ideal-tree.js:182:7)
18 verbose stack     at async Promise.all (index 1)
18 verbose stack     at async Arborist.reify (/data/data/com.termux/files/usr/lib/node_modules/npm/node_modules/@npmcli/arborist/lib/arborist/reify.js:131:5)
19 verbose statusCode 404
20 verbose pkgid reown-sdk@*
21 error code E404
22 error 404 Not Found - GET https://registry.npmjs.org/reown-sdk - Not found
23 error 404
24 error 404  'reown-sdk@*' is not in this registry.
25 error 404
26 error 404 Note that you can also install from a
27 error 404 tarball, folder, http url, or git url.
28 silly unfinished npm timer reify 1754056633580
29 silly unfinished npm timer reify:loadTrees 1754056633596
30 verbose cwd /data/data/com.termux/files/home
31 verbose os Linux 5.15.149-android13-8-o-g6bd57d3589d6
32 verbose node v24.4.1
33 verbose npm  v11.4.2
34 verbose exit 1
35 verbose code 1
36 error A complete log of this run can be found in: /data/data/com.termux/files/home/.npm/_logs/2025-08-01T13_57_11_604Z-debug-0.log
