0 verbose cli /data/data/com.termux/files/usr/bin/node /data/data/com.termux/files/usr/lib/node_modules/npm/bin/npm-cli.js
1 info using npm@10.9.2
2 info using node@v22.17.1
3 silly config load:file:/data/data/com.termux/files/usr/lib/node_modules/npm/npmrc
4 silly config load:file:/data/data/com.termux/files/home/361f4b280a9d366cca4667a29e9368e1/.npmrc
5 silly config load:file:/data/data/com.termux/files/home/.npmrc
6 silly config load:file:/data/data/com.termux/files/usr/etc/npmrc
7 verbose title npm exec create-next-app@latest mynewapp
8 verbose argv "exec" "--" "create-next-app@latest" "mynewapp"
9 verbose logfile logs-max:10 dir:/data/data/com.termux/files/home/.npm/_logs/2025-08-03T10_41_43_113Z-
10 verbose logfile /data/data/com.termux/files/home/.npm/_logs/2025-08-03T10_41_43_113Z-debug-0.log
11 silly logfile start cleaning logs, removing 1 files
12 silly logfile done cleaning log files
13 silly packumentCache heap:1098907648 maxSize:274726912 maxEntrySize:137363456
14 http fetch GET 200 https://registry.npmjs.org/create-next-app 2192ms (cache miss)
15 silly packumentCache heap:1098907648 maxSize:274726912 maxEntrySize:137363456
16 silly packumentCache heap:1098907648 maxSize:274726912 maxEntrySize:137363456
17 silly idealTree buildDeps
18 silly fetch manifest create-next-app@15.4.5
19 silly packumentCache full:https://registry.npmjs.org/create-next-app cache-miss
20 http fetch GET 200 https://registry.npmjs.org/create-next-app 1107ms (cache miss)
21 silly packumentCache full:https://registry.npmjs.org/create-next-app set size:undefined disposed:false
22 silly placeDep ROOT create-next-app@15.4.5 OK for:  want: 15.4.5
23 silly reify moves {}
24 silly audit bulk request { 'create-next-app': [ '15.4.5' ] }
25 http cache create-next-app@https://registry.npmjs.org/create-next-app/-/create-next-app-15.4.5.tgz 2ms (cache hit)
26 silly tarball no local data for create-next-app@https://registry.npmjs.org/create-next-app/-/create-next-app-15.4.5.tgz. Extracting by manifest.
27 http fetch POST 200 https://registry.npmjs.org/-/npm/v1/security/advisories/bulk 400ms
28 silly audit report {}
29 http fetch GET 200 https://registry.npmjs.org/create-next-app/-/create-next-app-15.4.5.tgz 1033ms (cache miss)
