0 verbose cli /data/data/com.termux/files/usr/bin/node /data/data/com.termux/files/usr/bin/npm
1 info using npm@11.4.2
2 info using node@v24.4.1
3 silly config load:file:/data/data/com.termux/files/usr/lib/node_modules/npm/npmrc
4 silly config load:file:/data/data/com.termux/files/home/.npmrc
5 silly config load:file:/data/data/com.termux/files/usr/etc/npmrc
6 verbose title npm install
7 verbose argv "install"
8 verbose logfile logs-max:10 dir:/data/data/com.termux/files/home/.npm/_logs/2025-08-01T16_21_57_293Z-
9 verbose logfile /data/data/com.termux/files/home/.npm/_logs/2025-08-01T16_21_57_293Z-debug-0.log
10 silly logfile start cleaning logs, removing 1 files
11 silly packumentCache heap:1174405120 maxSize:293601280 maxEntrySize:146800640
12 silly logfile done cleaning log files
13 silly idealTree buildDeps
14 silly fetch manifest @scure/bip32@^1.7.0
15 silly packumentCache full:https://registry.npmjs.org/@scure%2fbip32 cache-miss
16 http cache https://registry.npmjs.org/@scure%2fbip32 63ms (cache hit)
17 silly packumentCache full:https://registry.npmjs.org/@scure%2fbip32 set size:60058 disposed:false
18 silly fetch manifest @scure/bip39@^1.6.0
19 silly packumentCache full:https://registry.npmjs.org/@scure%2fbip39 cache-miss
20 http cache https://registry.npmjs.org/@scure%2fbip39 11ms (cache hit)
21 silly packumentCache full:https://registry.npmjs.org/@scure%2fbip39 set size:57614 disposed:false
22 silly fetch manifest @scure/btc-signer@^1.8.1
23 silly packumentCache full:https://registry.npmjs.org/@scure%2fbtc-signer cache-miss
24 http cache https://registry.npmjs.org/@scure%2fbtc-signer 13ms (cache hit)
25 silly packumentCache full:https://registry.npmjs.org/@scure%2fbtc-signer set size:110182 disposed:false
26 silly placeDep ROOT @scure/bip32@1.7.0 OK for:  want: ^1.7.0
27 silly placeDep ROOT @scure/bip39@1.6.0 OK for:  want: ^1.6.0
28 silly placeDep ROOT @scure/btc-signer@1.8.1 OK for:  want: ^1.8.1
29 silly fetch manifest @noble/curves@~1.9.0
30 silly packumentCache full:https://registry.npmjs.org/@noble%2fcurves cache-miss
31 silly fetch manifest @noble/hashes@~1.8.0
32 silly packumentCache full:https://registry.npmjs.org/@noble%2fhashes cache-miss
33 silly fetch manifest @scure/base@~1.2.5
34 silly packumentCache full:https://registry.npmjs.org/@scure%2fbase cache-miss
35 silly fetch manifest @noble/hashes@~1.8.0
36 silly packumentCache full:https://registry.npmjs.org/@noble%2fhashes cache-miss
37 silly fetch manifest @scure/base@~1.2.5
38 silly packumentCache full:https://registry.npmjs.org/@scure%2fbase cache-miss
39 silly fetch manifest @noble/curves@~1.9.0
40 silly packumentCache full:https://registry.npmjs.org/@noble%2fcurves cache-miss
41 silly fetch manifest @noble/hashes@~1.8.0
42 silly packumentCache full:https://registry.npmjs.org/@noble%2fhashes cache-miss
43 http cache https://registry.npmjs.org/@scure%2fbase 40ms (cache hit)
44 silly packumentCache full:https://registry.npmjs.org/@scure%2fbase set size:54972 disposed:false
45 silly fetch manifest micro-packed@~0.7.3
46 silly packumentCache full:https://registry.npmjs.org/micro-packed cache-miss
47 http cache https://registry.npmjs.org/@scure%2fbase 48ms (cache hit)
48 silly packumentCache full:https://registry.npmjs.org/@scure%2fbase set size:54972 disposed:false
49 silly packumentCache full:https://registry.npmjs.org/@scure%2fbase dispose
50 http cache https://registry.npmjs.org/@noble%2fcurves 54ms (cache hit)
51 silly packumentCache full:https://registry.npmjs.org/@noble%2fcurves set size:243499 disposed:false
52 http cache https://registry.npmjs.org/@noble%2fhashes 64ms (cache hit)
53 silly packumentCache full:https://registry.npmjs.org/@noble%2fhashes set size:177342 disposed:false
54 http cache https://registry.npmjs.org/@noble%2fhashes 77ms (cache hit)
55 silly packumentCache full:https://registry.npmjs.org/@noble%2fhashes set size:177342 disposed:false
56 silly packumentCache full:https://registry.npmjs.org/@noble%2fhashes dispose
57 http cache https://registry.npmjs.org/@noble%2fcurves 78ms (cache hit)
58 silly packumentCache full:https://registry.npmjs.org/@noble%2fcurves set size:243499 disposed:false
59 silly packumentCache full:https://registry.npmjs.org/@noble%2fcurves dispose
60 http cache https://registry.npmjs.org/@noble%2fhashes 85ms (cache hit)
61 silly packumentCache full:https://registry.npmjs.org/@noble%2fhashes set size:177342 disposed:true
62 silly packumentCache full:https://registry.npmjs.org/@noble%2fhashes dispose
63 http cache https://registry.npmjs.org/micro-packed 56ms (cache hit)
64 silly packumentCache full:https://registry.npmjs.org/micro-packed set size:67199 disposed:false
65 silly placeDep ROOT @noble/curves@1.9.6 OK for: @scure/bip32@1.7.0 want: ~1.9.0
66 silly placeDep ROOT @noble/hashes@1.8.0 OK for: @scure/bip32@1.7.0 want: ~1.8.0
67 silly placeDep ROOT @scure/base@1.2.6 OK for: @scure/bip32@1.7.0 want: ~1.2.5
68 silly fetch manifest @noble/hashes@1.8.0
69 silly packumentCache full:https://registry.npmjs.org/@noble%2fhashes cache-hit
70 silly placeDep ROOT micro-packed@0.7.3 OK for: @scure/btc-signer@1.8.1 want: ~0.7.3
71 silly reify moves {}
72 silly audit bulk request {
72 silly audit   '@scure/bip32': [ '1.7.0' ],
72 silly audit   '@scure/bip39': [ '1.6.0' ],
72 silly audit   '@scure/btc-signer': [ '1.8.1' ],
72 silly audit   '@noble/curves': [ '1.9.6' ],
72 silly audit   '@noble/hashes': [ '1.8.0' ],
72 silly audit   '@scure/base': [ '1.2.6' ],
72 silly audit   'micro-packed': [ '0.7.3' ]
72 silly audit }
73 http cache @scure/base@https://registry.npmjs.org/@scure/base/-/base-1.2.6.tgz 0ms (cache hit)
74 http cache @noble/hashes@https://registry.npmjs.org/@noble/hashes/-/hashes-1.8.0.tgz 1ms (cache hit)
75 http cache @scure/btc-signer@https://registry.npmjs.org/@scure/btc-signer/-/btc-signer-1.8.1.tgz 0ms (cache hit)
76 http cache @scure/bip39@https://registry.npmjs.org/@scure/bip39/-/bip39-1.6.0.tgz 0ms (cache hit)
77 http cache @noble/curves@https://registry.npmjs.org/@noble/curves/-/curves-1.9.6.tgz 0ms (cache hit)
78 http cache @scure/bip32@https://registry.npmjs.org/@scure/bip32/-/bip32-1.7.0.tgz 0ms (cache hit)
79 http cache micro-packed@https://registry.npmjs.org/micro-packed/-/micro-packed-0.7.3.tgz 0ms (cache hit)
80 http fetch POST 200 https://registry.npmjs.org/-/npm/v1/security/advisories/bulk 824ms
81 silly audit report {}
82 silly ADD node_modules/micro-packed
83 silly ADD node_modules/@scure/base
84 silly ADD node_modules/@noble/hashes
85 silly ADD node_modules/@noble/curves
86 silly ADD node_modules/@scure/btc-signer
87 silly ADD node_modules/@scure/bip39
88 silly ADD node_modules/@scure/bip32
89 verbose cwd /data/data/com.termux/files/home
90 verbose os Linux 5.15.149-android13-8-o-g6bd57d3589d6
91 verbose node v24.4.1
92 verbose npm  v11.4.2
93 verbose exit 0
94 info ok
